C:\ALGONQUINCOLLEGEDOCUMENTS\LEVEL 4\COMPILERS\PARSER\SCANNER\DEBUG\BUFFER.OBJ
C:\ALGONQUINCOLLEGEDOCUMENTS\LEVEL 4\COMPILERS\PARSER\SCANNER\DEBUG\PARSER.OBJ
C:\ALGONQUINCOLLEGEDOCUMENTS\LEVEL 4\COMPILERS\PARSER\SCANNER\DEBUG\PLATY.OBJ
C:\ALGONQUINCOLLEGEDOCUMENTS\LEVEL 4\COMPILERS\PARSER\SCANNER\DEBUG\SCANNER.OBJ
C:\ALGONQUINCOLLEGEDOCUMENTS\LEVEL 4\COMPILERS\PARSER\SCANNER\DEBUG\STABLE.OBJ
C:\ALGONQUINCOLLEGEDOCUMENTS\LEVEL 4\COMPILERS\PARSER\SCANNER\DEBUG\VC110.PDB
C:\ALGONQUINCOLLEGEDOCUMENTS\LEVEL 4\COMPILERS\PARSER\DEBUG\SCANNER.ILK
C:\ALGONQUINCOLLEGEDOCUMENTS\LEVEL 4\COMPILERS\PARSER\DEBUG\SCANNER.EXE
C:\ALGONQUINCOLLEGEDOCUMENTS\LEVEL 4\COMPILERS\PARSER\DEBUG\SCANNER.PDB
C:\AlgonquinCollegeDocuments\Level 4\Compilers\parser\scanner\Debug\buffer.obj
C:\AlgonquinCollegeDocuments\Level 4\Compilers\parser\scanner\Debug\parser.obj
C:\AlgonquinCollegeDocuments\Level 4\Compilers\parser\scanner\Debug\platy.obj
C:\AlgonquinCollegeDocuments\Level 4\Compilers\parser\scanner\Debug\scanner.obj
C:\AlgonquinCollegeDocuments\Level 4\Compilers\parser\scanner\Debug\stable.obj
C:\AlgonquinCollegeDocuments\Level 4\Compilers\parser\scanner\Debug\cl.command.1.tlog
C:\AlgonquinCollegeDocuments\Level 4\Compilers\parser\scanner\Debug\CL.read.1.tlog
C:\AlgonquinCollegeDocuments\Level 4\Compilers\parser\scanner\Debug\CL.write.1.tlog
C:\AlgonquinCollegeDocuments\Level 4\Compilers\parser\scanner\Debug\link-cvtres.read.1.tlog
C:\AlgonquinCollegeDocuments\Level 4\Compilers\parser\scanner\Debug\link-cvtres.write.1.tlog
C:\AlgonquinCollegeDocuments\Level 4\Compilers\parser\scanner\Debug\link-rc.read.1.tlog
C:\AlgonquinCollegeDocuments\Level 4\Compilers\parser\scanner\Debug\link-rc.write.1.tlog
C:\AlgonquinCollegeDocuments\Level 4\Compilers\parser\scanner\Debug\link.command.1.tlog
C:\AlgonquinCollegeDocuments\Level 4\Compilers\parser\scanner\Debug\link.read.1.tlog
C:\AlgonquinCollegeDocuments\Level 4\Compilers\parser\scanner\Debug\link.write.1.tlog
C:\AlgonquinCollegeDocuments\Level 4\Compilers\parser\scanner\Debug\vc110.idb
C:\AlgonquinCollegeDocuments\Level 4\Compilers\parser\scanner\Debug\vc110.pdb
C:\AlgonquinCollegeDocuments\Level 4\Compilers\parser\Debug\scanner.pdb
C:\AlgonquinCollegeDocuments\Level 4\Compilers\parser\Debug\scanner.exe
C:\AlgonquinCollegeDocuments\Level 4\Compilers\parser\Debug\scanner.ilk
