Build started 2015-12-11 7:41:07 PM.
     1>Project "C:\AlgonquinCollegeDocuments\Level 4\Compilers\parser\scanner\scanner.vcxproj" on node 2 (Rebuild target(s)).
     1>ClCompile:
         C:\Program Files (x86)\Microsoft Visual Studio 11.0\VC\bin\CL.exe /c /ZI /nologo /W4 /WX- /Od /Oy- /D WIN32 /D _DEBUG /D _CONSOLE /Gm /EHsc /RTC1 /MDd /GS /fp:precise /Za /Zc:wchar_t /Zc:forScope /Fo"Debug\\" /Fd"Debug\vc110.pdb" /Gd /TC /analyze- /errorReport:prompt buffer.c parser.c platy.c scanner.c stable.c
         stable.c
     1>c:\program files (x86)\microsoft visual studio 11.0\vc\include\sal.h(152): warning C4001: nonstandard extension 'single line comment' was used
     1>c:\algonquincollegedocuments\level 4\compilers\parser\scanner\stable.c(418): warning C4996: 'fopen': This function or variable may be unsafe. Consider using fopen_s instead. To disable deprecation, use _CRT_SECURE_NO_WARNINGS. See online help for details.
                 c:\program files (x86)\microsoft visual studio 11.0\vc\include\stdio.h(218) : see declaration of 'fopen'
         scanner.c
     1>c:\program files (x86)\microsoft visual studio 11.0\vc\include\sal.h(152): warning C4001: nonstandard extension 'single line comment' was used
     1>c:\algonquincollegedocuments\level 4\compilers\parser\scanner\scanner.c(124): warning C4127: conditional expression is constant
         platy.c
     1>c:\program files (x86)\microsoft visual studio 11.0\vc\include\sal.h(152): warning C4001: nonstandard extension 'single line comment' was used
         parser.c
     1>c:\program files (x86)\microsoft visual studio 11.0\vc\include\sal.h(152): warning C4001: nonstandard extension 'single line comment' was used
         buffer.c
     1>c:\program files (x86)\microsoft visual studio 11.0\vc\include\sal.h(152): warning C4001: nonstandard extension 'single line comment' was used
         Generating Code...
       Link:
         C:\Program Files (x86)\Microsoft Visual Studio 11.0\VC\bin\link.exe /ERRORREPORT:PROMPT /OUT:"C:\AlgonquinCollegeDocuments\Level 4\Compilers\parser\Debug\scanner.exe" /INCREMENTAL /NOLOGO kernel32.lib user32.lib gdi32.lib winspool.lib comdlg32.lib advapi32.lib shell32.lib ole32.lib oleaut32.lib uuid.lib odbc32.lib odbccp32.lib /MANIFEST /MANIFESTUAC:"level='asInvoker' uiAccess='false'" /manifest:embed /DEBUG /PDB:"C:\AlgonquinCollegeDocuments\Level 4\Compilers\parser\Debug\scanner.pdb" /SUBSYSTEM:CONSOLE /TLBID:1 /DYNAMICBASE /NXCOMPAT /IMPLIB:"C:\AlgonquinCollegeDocuments\Level 4\Compilers\parser\Debug\scanner.lib" /MACHINE:X86 Debug\buffer.obj
         Debug\parser.obj
         Debug\platy.obj
         Debug\scanner.obj
         Debug\stable.obj
         scanner.vcxproj -> C:\AlgonquinCollegeDocuments\Level 4\Compilers\parser\Debug\scanner.exe
     1>Done Building Project "C:\AlgonquinCollegeDocuments\Level 4\Compilers\parser\scanner\scanner.vcxproj" (Rebuild target(s)).

Build succeeded.

Time Elapsed 00:00:05.80
